<testsuite errors="0" failures="0" name="Django Project Tests" skips="0" tests="13" time="1.090"><testcase classname="events.tests.testunit.TestEvent" name="test_basic_creator" time="0.001062" /><testcase classname="events.tests.testunit.TestEvent" name="test_basic_date" time="0.000991" /><testcase classname="events.tests.testunit.TestEvent" name="test_basic_description" time="0.000984" /><testcase classname="events.tests.testunit.TestEvent" name="test_basic_duration" time="0.000977" /><testcase classname="events.tests.testunit.TestEvent" name="test_basic_image" time="0.001033" /><testcase classname="events.tests.testunit.TestEvent" name="test_basic_latitude" time="0.000984" /><testcase classname="events.tests.testunit.TestEvent" name="test_basic_longitude" time="0.000972" /><testcase classname="events.tests.testunit.TestEvent" name="test_basic_name" time="0.000990" /><testcase classname="events.tests.testunit.TestEvent" name="test_basic_tags" time="0.001097" /><testcase classname="events.tests.testunit.TestSerializer" name="test_valid" time="0.071454" /><testcase classname="events.tests.testunit.TestViews" name="test_event_detail_get" time="0.800718" /><testcase classname="events.tests.testunit.TestViews" name="test_event_list_get" time="0.083460" /><testcase classname="events.tests.testunit.TestViews" name="test_event_list_post" time="0.115970" /></testsuite>